<?xml version="1.0" encoding="UTF-8"?>
<testng-results ignored="0" total="4" passed="4" failed="0" skipped="0">
  <reporter-output>
  </reporter-output>
  <suite started-at="2020-10-22T08:37:59 PDT" name="Default suite" finished-at="2020-10-22T08:38:35 PDT" duration-ms="35929">
    <groups>
    </groups>
    <test started-at="2020-10-22T08:37:59 PDT" name="Default test" finished-at="2020-10-22T08:38:35 PDT" duration-ms="35929">
      <class name="com.ta.login.testlogin">
        <test-method is-config="true" signature="launchingTheBrowser()[pri:0, instance:com.ta.login.testlogin@2aa3cd93]" started-at="2020-10-22T08:37:51 PDT" name="launchingTheBrowser" finished-at="2020-10-22T08:37:59 PDT" duration-ms="8159" status="PASS">
          <reporter-output>
          </reporter-output>
        </test-method> <!-- launchingTheBrowser -->
        <test-method is-config="true" signature="triggerDependency()[pri:0, instance:com.ta.login.testlogin@2aa3cd93]" started-at="2020-10-22T08:37:59 PDT" name="triggerDependency" finished-at="2020-10-22T08:38:00 PDT" duration-ms="94" status="PASS">
          <reporter-output>
          </reporter-output>
        </test-method> <!-- triggerDependency -->
        <test-method signature="ForgotPassword()[pri:0, instance:com.ta.login.testlogin@2aa3cd93]" started-at="2020-10-22T08:38:00 PDT" name="ForgotPassword" finished-at="2020-10-22T08:38:08 PDT" duration-ms="8363" status="PASS">
          <reporter-output>
          </reporter-output>
        </test-method> <!-- ForgotPassword -->
        <test-method signature="InvalidEmail()[pri:0, instance:com.ta.login.testlogin@2aa3cd93]" started-at="2020-10-22T08:38:08 PDT" name="InvalidEmail" finished-at="2020-10-22T08:38:13 PDT" duration-ms="5099" status="PASS">
          <reporter-output>
          </reporter-output>
        </test-method> <!-- InvalidEmail -->
        <test-method signature="InvalidPassword()[pri:0, instance:com.ta.login.testlogin@2aa3cd93]" started-at="2020-10-22T08:38:13 PDT" name="InvalidPassword" finished-at="2020-10-22T08:38:18 PDT" duration-ms="4755" status="PASS">
          <reporter-output>
          </reporter-output>
        </test-method> <!-- InvalidPassword -->
        <test-method signature="loginToWebsite()[pri:0, instance:com.ta.login.testlogin@2aa3cd93]" started-at="2020-10-22T08:38:18 PDT" name="loginToWebsite" finished-at="2020-10-22T08:38:35 PDT" duration-ms="17567" status="PASS">
          <reporter-output>
          </reporter-output>
        </test-method> <!-- loginToWebsite -->
        <test-method is-config="true" signature="closingTest()[pri:0, instance:com.ta.login.testlogin@2aa3cd93]" started-at="2020-10-22T08:38:40 PDT" name="closingTest" finished-at="2020-10-22T08:38:41 PDT" duration-ms="465" status="PASS">
          <reporter-output>
          </reporter-output>
        </test-method> <!-- closingTest -->
      </class> <!-- com.ta.login.testlogin -->
    </test> <!-- Default test -->
  </suite> <!-- Default suite -->
</testng-results>
