<?xml version="1.0" encoding="UTF-8"?>
<testng-results ignored="0" total="4" passed="4" failed="0" skipped="0">
  <reporter-output>
  </reporter-output>
  <suite started-at="2020-10-19T23:11:17 PDT" name="Default suite" finished-at="2020-10-19T23:12:08 PDT" duration-ms="51594">
    <groups>
    </groups>
    <test started-at="2020-10-19T23:11:17 PDT" name="Default test" finished-at="2020-10-19T23:12:08 PDT" duration-ms="51594">
      <class name="com.ta.login.testlogin">
        <test-method is-config="true" signature="launchingTheBrowser()[pri:0, instance:com.ta.login.testlogin@2aa3cd93]" started-at="2020-10-19T23:11:06 PDT" name="launchingTheBrowser" finished-at="2020-10-19T23:11:17 PDT" duration-ms="10950" status="PASS">
          <reporter-output>
          </reporter-output>
        </test-method> <!-- launchingTheBrowser -->
        <test-method is-config="true" signature="triggerDependency()[pri:0, instance:com.ta.login.testlogin@2aa3cd93]" started-at="2020-10-19T23:11:17 PDT" name="triggerDependency" finished-at="2020-10-19T23:11:17 PDT" duration-ms="67" status="PASS">
          <reporter-output>
          </reporter-output>
        </test-method> <!-- triggerDependency -->
        <test-method signature="ForgotPassword()[pri:0, instance:com.ta.login.testlogin@2aa3cd93]" started-at="2020-10-19T23:11:17 PDT" name="ForgotPassword" finished-at="2020-10-19T23:11:30 PDT" duration-ms="13486" status="PASS">
          <reporter-output>
          </reporter-output>
        </test-method> <!-- ForgotPassword -->
        <test-method signature="InvalidEmail()[pri:0, instance:com.ta.login.testlogin@2aa3cd93]" started-at="2020-10-19T23:11:30 PDT" name="InvalidEmail" finished-at="2020-10-19T23:11:38 PDT" duration-ms="7458" status="PASS">
          <reporter-output>
          </reporter-output>
        </test-method> <!-- InvalidEmail -->
        <test-method signature="InvalidPassword()[pri:0, instance:com.ta.login.testlogin@2aa3cd93]" started-at="2020-10-19T23:11:38 PDT" name="InvalidPassword" finished-at="2020-10-19T23:11:46 PDT" duration-ms="8411" status="PASS">
          <reporter-output>
          </reporter-output>
        </test-method> <!-- InvalidPassword -->
        <test-method signature="loginToWebsite()[pri:0, instance:com.ta.login.testlogin@2aa3cd93]" started-at="2020-10-19T23:11:46 PDT" name="loginToWebsite" finished-at="2020-10-19T23:12:08 PDT" duration-ms="22095" status="PASS">
          <reporter-output>
          </reporter-output>
        </test-method> <!-- loginToWebsite -->
        <test-method is-config="true" signature="closingTest()[pri:0, instance:com.ta.login.testlogin@2aa3cd93]" started-at="2020-10-19T23:12:13 PDT" name="closingTest" finished-at="2020-10-19T23:12:15 PDT" duration-ms="1662" status="PASS">
          <reporter-output>
          </reporter-output>
        </test-method> <!-- closingTest -->
      </class> <!-- com.ta.login.testlogin -->
    </test> <!-- Default test -->
  </suite> <!-- Default suite -->
</testng-results>
