<?xml version="1.0" encoding="UTF-8"?>
<!-- Generated by org.testng.reporters.JUnitXMLReporter -->
<testsuite ignored="0" hostname="news-MacBook-Air.local" failures="0" tests="4" name="Default test" time="51.594" errors="0" timestamp="2020-10-19T23:12:13 PDT">
  <testcase classname="com.ta.login.testlogin" name="ForgotPassword" time="13.486"/>
  <testcase classname="com.ta.login.testlogin" name="InvalidEmail" time="7.458"/>
  <testcase classname="com.ta.login.testlogin" name="InvalidPassword" time="8.411"/>
  <testcase classname="com.ta.login.testlogin" name="loginToWebsite" time="22.095"/>
</testsuite> <!-- Default test -->
