<?xml version="1.0" encoding="UTF-8"?>
<!-- Generated by org.testng.reporters.JUnitXMLReporter -->
<testsuite ignored="0" hostname="news-MacBook-Air.local" failures="0" tests="4" name="Default test" time="35.929" errors="0" timestamp="2020-10-22T08:38:40 PDT">
  <testcase classname="com.ta.login.testlogin" name="ForgotPassword" time="8.363"/>
  <testcase classname="com.ta.login.testlogin" name="InvalidEmail" time="5.099"/>
  <testcase classname="com.ta.login.testlogin" name="InvalidPassword" time="4.755"/>
  <testcase classname="com.ta.login.testlogin" name="loginToWebsite" time="17.567"/>
</testsuite> <!-- Default test -->
